2025-12-16 18:19:03,040 - INFO - Running the ML pipeline

2025-12-16 18:19:03,090 - INFO - Loaded data:
               count         mean          std         min         25%          50%          75%           max
MedInc       20640.0     3.870671     1.899822    0.499900    2.563400     3.534800     4.743250     15.000100
HouseAge     20640.0    28.639486    12.585558    1.000000   18.000000    29.000000    37.000000     52.000000
AveRooms     20640.0     5.429000     2.474173    0.846154    4.440716     5.229129     6.052381    141.909091
AveBedrms    20640.0     1.096675     0.473911    0.333333    1.006079     1.048780     1.099526     34.066667
Population   20640.0  1425.476744  1132.462122    3.000000  787.000000  1166.000000  1725.000000  35682.000000
AveOccup     20640.0     3.070655    10.386050    0.692308    2.429741     2.818116     3.282261   1243.333333
Latitude     20640.0    35.631861     2.135952   32.540000   33.930000    34.260000    37.710000     41.950000
Longitude    20640.0  -119.569704     2.003532 -124.350000 -121.800000  -118.490000  -118.010000   -114.310000
MedHouseVal  20640.0     2.068558     1.153956    0.149990    1.196000     1.797000     2.647250      5.000010
2025-12-16 18:19:03,107 - INFO - Loaded data columns :
['MedInc', 'HouseAge', 'AveRooms', 'AveBedrms', 'Population', 'AveOccup', 'Latitude', 'Longitude', 'MedHouseVal']
2025-12-16 18:19:03,133 - INFO - Data with High value flag:
               count         mean          std         min         25%          50%          75%           max
MedInc       20640.0     3.870671     1.899822    0.499900    2.563400     3.534800     4.743250     15.000100
HouseAge     20640.0    28.639486    12.585558    1.000000   18.000000    29.000000    37.000000     52.000000
AveRooms     20640.0     5.429000     2.474173    0.846154    4.440716     5.229129     6.052381    141.909091
AveBedrms    20640.0     1.096675     0.473911    0.333333    1.006079     1.048780     1.099526     34.066667
Population   20640.0  1425.476744  1132.462122    3.000000  787.000000  1166.000000  1725.000000  35682.000000
AveOccup     20640.0     3.070655    10.386050    0.692308    2.429741     2.818116     3.282261   1243.333333
Latitude     20640.0    35.631861     2.135952   32.540000   33.930000    34.260000    37.710000     41.950000
Longitude    20640.0  -119.569704     2.003532 -124.350000 -121.800000  -118.490000  -118.010000   -114.310000
MedHouseVal  20640.0     2.068558     1.153956    0.149990    1.196000     1.797000     2.647250      5.000010
HighValue    20640.0     0.499855     0.500012    0.000000    0.000000     0.000000     1.000000      1.000000
2025-12-16 18:19:03,151 - INFO - 
Something went wrong'tuple' object has no attribute 'columns'
2025-12-16 18:20:33,157 - INFO - Running the ML pipeline

2025-12-16 18:20:33,193 - INFO - Loaded data:
               count         mean          std         min         25%          50%          75%           max
MedInc       20640.0     3.870671     1.899822    0.499900    2.563400     3.534800     4.743250     15.000100
HouseAge     20640.0    28.639486    12.585558    1.000000   18.000000    29.000000    37.000000     52.000000
AveRooms     20640.0     5.429000     2.474173    0.846154    4.440716     5.229129     6.052381    141.909091
AveBedrms    20640.0     1.096675     0.473911    0.333333    1.006079     1.048780     1.099526     34.066667
Population   20640.0  1425.476744  1132.462122    3.000000  787.000000  1166.000000  1725.000000  35682.000000
AveOccup     20640.0     3.070655    10.386050    0.692308    2.429741     2.818116     3.282261   1243.333333
Latitude     20640.0    35.631861     2.135952   32.540000   33.930000    34.260000    37.710000     41.950000
Longitude    20640.0  -119.569704     2.003532 -124.350000 -121.800000  -118.490000  -118.010000   -114.310000
MedHouseVal  20640.0     2.068558     1.153956    0.149990    1.196000     1.797000     2.647250      5.000010
2025-12-16 18:20:33,213 - INFO - Loaded data columns :
['MedInc', 'HouseAge', 'AveRooms', 'AveBedrms', 'Population', 'AveOccup', 'Latitude', 'Longitude', 'MedHouseVal']
2025-12-16 18:20:33,239 - INFO - Data with High value flag:
               count         mean          std         min         25%          50%          75%           max
MedInc       20640.0     3.870671     1.899822    0.499900    2.563400     3.534800     4.743250     15.000100
HouseAge     20640.0    28.639486    12.585558    1.000000   18.000000    29.000000    37.000000     52.000000
AveRooms     20640.0     5.429000     2.474173    0.846154    4.440716     5.229129     6.052381    141.909091
AveBedrms    20640.0     1.096675     0.473911    0.333333    1.006079     1.048780     1.099526     34.066667
Population   20640.0  1425.476744  1132.462122    3.000000  787.000000  1166.000000  1725.000000  35682.000000
AveOccup     20640.0     3.070655    10.386050    0.692308    2.429741     2.818116     3.282261   1243.333333
Latitude     20640.0    35.631861     2.135952   32.540000   33.930000    34.260000    37.710000     41.950000
Longitude    20640.0  -119.569704     2.003532 -124.350000 -121.800000  -118.490000  -118.010000   -114.310000
MedHouseVal  20640.0     2.068558     1.153956    0.149990    1.196000     1.797000     2.647250      5.000010
HighValue    20640.0     0.499855     0.500012    0.000000    0.000000     0.000000     1.000000      1.000000
2025-12-16 18:20:33,258 - INFO - 
Something went wrong'tuple' object has no attribute 'columns'
2025-12-16 18:21:04,760 - INFO - Running the ML pipeline

2025-12-16 18:21:04,793 - INFO - Loaded data:
               count         mean          std         min         25%          50%          75%           max
MedInc       20640.0     3.870671     1.899822    0.499900    2.563400     3.534800     4.743250     15.000100
HouseAge     20640.0    28.639486    12.585558    1.000000   18.000000    29.000000    37.000000     52.000000
AveRooms     20640.0     5.429000     2.474173    0.846154    4.440716     5.229129     6.052381    141.909091
AveBedrms    20640.0     1.096675     0.473911    0.333333    1.006079     1.048780     1.099526     34.066667
Population   20640.0  1425.476744  1132.462122    3.000000  787.000000  1166.000000  1725.000000  35682.000000
AveOccup     20640.0     3.070655    10.386050    0.692308    2.429741     2.818116     3.282261   1243.333333
Latitude     20640.0    35.631861     2.135952   32.540000   33.930000    34.260000    37.710000     41.950000
Longitude    20640.0  -119.569704     2.003532 -124.350000 -121.800000  -118.490000  -118.010000   -114.310000
MedHouseVal  20640.0     2.068558     1.153956    0.149990    1.196000     1.797000     2.647250      5.000010
2025-12-16 18:21:04,810 - INFO - Loaded data columns :
['MedInc', 'HouseAge', 'AveRooms', 'AveBedrms', 'Population', 'AveOccup', 'Latitude', 'Longitude', 'MedHouseVal']
2025-12-16 18:21:04,832 - INFO - Data with High value flag:
               count         mean          std         min         25%          50%          75%           max
MedInc       20640.0     3.870671     1.899822    0.499900    2.563400     3.534800     4.743250     15.000100
HouseAge     20640.0    28.639486    12.585558    1.000000   18.000000    29.000000    37.000000     52.000000
AveRooms     20640.0     5.429000     2.474173    0.846154    4.440716     5.229129     6.052381    141.909091
AveBedrms    20640.0     1.096675     0.473911    0.333333    1.006079     1.048780     1.099526     34.066667
Population   20640.0  1425.476744  1132.462122    3.000000  787.000000  1166.000000  1725.000000  35682.000000
AveOccup     20640.0     3.070655    10.386050    0.692308    2.429741     2.818116     3.282261   1243.333333
Latitude     20640.0    35.631861     2.135952   32.540000   33.930000    34.260000    37.710000     41.950000
Longitude    20640.0  -119.569704     2.003532 -124.350000 -121.800000  -118.490000  -118.010000   -114.310000
MedHouseVal  20640.0     2.068558     1.153956    0.149990    1.196000     1.797000     2.647250      5.000010
HighValue    20640.0     0.499855     0.500012    0.000000    0.000000     0.000000     1.000000      1.000000
2025-12-16 18:21:04,849 - INFO - Data columns :
['MedInc', 'HouseAge', 'AveRooms', 'AveBedrms', 'Population', 'AveOccup', 'Latitude', 'Longitude', 'MedHouseVal', 'HighValue']
2025-12-16 18:22:11,250 - INFO - Running the ML pipeline

2025-12-16 18:22:11,296 - INFO - Loaded data:
               count         mean          std         min         25%          50%          75%           max
MedInc       20640.0     3.870671     1.899822    0.499900    2.563400     3.534800     4.743250     15.000100
HouseAge     20640.0    28.639486    12.585558    1.000000   18.000000    29.000000    37.000000     52.000000
AveRooms     20640.0     5.429000     2.474173    0.846154    4.440716     5.229129     6.052381    141.909091
AveBedrms    20640.0     1.096675     0.473911    0.333333    1.006079     1.048780     1.099526     34.066667
Population   20640.0  1425.476744  1132.462122    3.000000  787.000000  1166.000000  1725.000000  35682.000000
AveOccup     20640.0     3.070655    10.386050    0.692308    2.429741     2.818116     3.282261   1243.333333
Latitude     20640.0    35.631861     2.135952   32.540000   33.930000    34.260000    37.710000     41.950000
Longitude    20640.0  -119.569704     2.003532 -124.350000 -121.800000  -118.490000  -118.010000   -114.310000
MedHouseVal  20640.0     2.068558     1.153956    0.149990    1.196000     1.797000     2.647250      5.000010
2025-12-16 18:22:11,314 - INFO - Loaded data columns :
['MedInc', 'HouseAge', 'AveRooms', 'AveBedrms', 'Population', 'AveOccup', 'Latitude', 'Longitude', 'MedHouseVal']
2025-12-16 18:22:11,338 - INFO - Data with High value flag:
               count         mean          std         min         25%          50%          75%           max
MedInc       20640.0     3.870671     1.899822    0.499900    2.563400     3.534800     4.743250     15.000100
HouseAge     20640.0    28.639486    12.585558    1.000000   18.000000    29.000000    37.000000     52.000000
AveRooms     20640.0     5.429000     2.474173    0.846154    4.440716     5.229129     6.052381    141.909091
AveBedrms    20640.0     1.096675     0.473911    0.333333    1.006079     1.048780     1.099526     34.066667
Population   20640.0  1425.476744  1132.462122    3.000000  787.000000  1166.000000  1725.000000  35682.000000
AveOccup     20640.0     3.070655    10.386050    0.692308    2.429741     2.818116     3.282261   1243.333333
Latitude     20640.0    35.631861     2.135952   32.540000   33.930000    34.260000    37.710000     41.950000
Longitude    20640.0  -119.569704     2.003532 -124.350000 -121.800000  -118.490000  -118.010000   -114.310000
MedHouseVal  20640.0     2.068558     1.153956    0.149990    1.196000     1.797000     2.647250      5.000010
HighValue    20640.0     0.499855     0.500012    0.000000    0.000000     0.000000     1.000000      1.000000
2025-12-16 18:22:11,355 - INFO - Data columns :
['MedInc', 'HouseAge', 'AveRooms', 'AveBedrms', 'Population', 'AveOccup', 'Latitude', 'Longitude', 'MedHouseVal', 'HighValue']
2025-12-16 18:22:11,355 - INFO - 
Something went wrong'tuple' object has no attribute 'head'
2025-12-16 18:22:27,249 - INFO - Running the ML pipeline

2025-12-16 18:22:27,287 - INFO - Loaded data:
               count         mean          std         min         25%          50%          75%           max
MedInc       20640.0     3.870671     1.899822    0.499900    2.563400     3.534800     4.743250     15.000100
HouseAge     20640.0    28.639486    12.585558    1.000000   18.000000    29.000000    37.000000     52.000000
AveRooms     20640.0     5.429000     2.474173    0.846154    4.440716     5.229129     6.052381    141.909091
AveBedrms    20640.0     1.096675     0.473911    0.333333    1.006079     1.048780     1.099526     34.066667
Population   20640.0  1425.476744  1132.462122    3.000000  787.000000  1166.000000  1725.000000  35682.000000
AveOccup     20640.0     3.070655    10.386050    0.692308    2.429741     2.818116     3.282261   1243.333333
Latitude     20640.0    35.631861     2.135952   32.540000   33.930000    34.260000    37.710000     41.950000
Longitude    20640.0  -119.569704     2.003532 -124.350000 -121.800000  -118.490000  -118.010000   -114.310000
MedHouseVal  20640.0     2.068558     1.153956    0.149990    1.196000     1.797000     2.647250      5.000010
2025-12-16 18:22:27,305 - INFO - Loaded data columns :
['MedInc', 'HouseAge', 'AveRooms', 'AveBedrms', 'Population', 'AveOccup', 'Latitude', 'Longitude', 'MedHouseVal']
2025-12-16 18:22:27,327 - INFO - Data with High value flag:
               count         mean          std         min         25%          50%          75%           max
MedInc       20640.0     3.870671     1.899822    0.499900    2.563400     3.534800     4.743250     15.000100
HouseAge     20640.0    28.639486    12.585558    1.000000   18.000000    29.000000    37.000000     52.000000
AveRooms     20640.0     5.429000     2.474173    0.846154    4.440716     5.229129     6.052381    141.909091
AveBedrms    20640.0     1.096675     0.473911    0.333333    1.006079     1.048780     1.099526     34.066667
Population   20640.0  1425.476744  1132.462122    3.000000  787.000000  1166.000000  1725.000000  35682.000000
AveOccup     20640.0     3.070655    10.386050    0.692308    2.429741     2.818116     3.282261   1243.333333
Latitude     20640.0    35.631861     2.135952   32.540000   33.930000    34.260000    37.710000     41.950000
Longitude    20640.0  -119.569704     2.003532 -124.350000 -121.800000  -118.490000  -118.010000   -114.310000
MedHouseVal  20640.0     2.068558     1.153956    0.149990    1.196000     1.797000     2.647250      5.000010
HighValue    20640.0     0.499855     0.500012    0.000000    0.000000     0.000000     1.000000      1.000000
2025-12-16 18:22:27,343 - INFO - Data columns :
['MedInc', 'HouseAge', 'AveRooms', 'AveBedrms', 'Population', 'AveOccup', 'Latitude', 'Longitude', 'MedHouseVal', 'HighValue']
2025-12-16 18:22:27,344 - INFO - Sample data: 
   MedInc  HouseAge  AveRooms  AveBedrms  Population  AveOccup  Latitude  Longitude  MedHouseVal  HighValue
0  8.3252      41.0  6.984127   1.023810       322.0  2.555556     37.88    -122.23        4.526          1
1  8.3014      21.0  6.238137   0.971880      2401.0  2.109842     37.86    -122.22        3.585          1
2  7.2574      52.0  8.288136   1.073446       496.0  2.802260     37.85    -122.24        3.521          1
3  5.6431      52.0  5.817352   1.073059       558.0  2.547945     37.85    -122.25        3.413          1
4  3.8462      52.0  6.281853   1.081081       565.0  2.181467     37.85    -122.25        3.422          1
2025-12-16 18:39:07,315 - INFO - Running the ML pipeline

2025-12-16 18:39:07,361 - INFO - Describe loaded data:
               count         mean          std         min         25%          50%          75%           max
MedInc       20640.0     3.870671     1.899822    0.499900    2.563400     3.534800     4.743250     15.000100
HouseAge     20640.0    28.639486    12.585558    1.000000   18.000000    29.000000    37.000000     52.000000
AveRooms     20640.0     5.429000     2.474173    0.846154    4.440716     5.229129     6.052381    141.909091
AveBedrms    20640.0     1.096675     0.473911    0.333333    1.006079     1.048780     1.099526     34.066667
Population   20640.0  1425.476744  1132.462122    3.000000  787.000000  1166.000000  1725.000000  35682.000000
AveOccup     20640.0     3.070655    10.386050    0.692308    2.429741     2.818116     3.282261   1243.333333
Latitude     20640.0    35.631861     2.135952   32.540000   33.930000    34.260000    37.710000     41.950000
Longitude    20640.0  -119.569704     2.003532 -124.350000 -121.800000  -118.490000  -118.010000   -114.310000
MedHouseVal  20640.0     2.068558     1.153956    0.149990    1.196000     1.797000     2.647250      5.000010
2025-12-16 18:39:07,378 - INFO - Schema check :
MedInc         float64
HouseAge       float64
AveRooms       float64
AveBedrms      float64
Population     float64
AveOccup       float64
Latitude       float64
Longitude      float64
MedHouseVal    float64
dtype: object
2025-12-16 18:39:07,379 - INFO - Size check :
(20640, 9)
2025-12-16 18:39:07,379 - INFO - Adding High Value flag to data

2025-12-16 18:39:07,404 - INFO - Decribe data with high value flag:
               count         mean          std         min         25%          50%          75%           max
MedInc       20640.0     3.870671     1.899822    0.499900    2.563400     3.534800     4.743250     15.000100
HouseAge     20640.0    28.639486    12.585558    1.000000   18.000000    29.000000    37.000000     52.000000
AveRooms     20640.0     5.429000     2.474173    0.846154    4.440716     5.229129     6.052381    141.909091
AveBedrms    20640.0     1.096675     0.473911    0.333333    1.006079     1.048780     1.099526     34.066667
Population   20640.0  1425.476744  1132.462122    3.000000  787.000000  1166.000000  1725.000000  35682.000000
AveOccup     20640.0     3.070655    10.386050    0.692308    2.429741     2.818116     3.282261   1243.333333
Latitude     20640.0    35.631861     2.135952   32.540000   33.930000    34.260000    37.710000     41.950000
Longitude    20640.0  -119.569704     2.003532 -124.350000 -121.800000  -118.490000  -118.010000   -114.310000
MedHouseVal  20640.0     2.068558     1.153956    0.149990    1.196000     1.797000     2.647250      5.000010
HighValue    20640.0     0.499855     0.500012    0.000000    0.000000     0.000000     1.000000      1.000000
2025-12-16 18:39:07,420 - INFO - Schema check :
MedInc         float64
HouseAge       float64
AveRooms       float64
AveBedrms      float64
Population     float64
AveOccup       float64
Latitude       float64
Longitude      float64
MedHouseVal    float64
HighValue        int64
dtype: object
2025-12-16 18:39:07,421 - INFO - Size check: 
(20640, 10)
2025-12-16 18:39:53,807 - INFO - Running the ML pipeline

2025-12-16 18:39:53,838 - INFO - Describe loaded data:
               count         mean          std         min         25%          50%          75%           max
MedInc       20640.0     3.870671     1.899822    0.499900    2.563400     3.534800     4.743250     15.000100
HouseAge     20640.0    28.639486    12.585558    1.000000   18.000000    29.000000    37.000000     52.000000
AveRooms     20640.0     5.429000     2.474173    0.846154    4.440716     5.229129     6.052381    141.909091
AveBedrms    20640.0     1.096675     0.473911    0.333333    1.006079     1.048780     1.099526     34.066667
Population   20640.0  1425.476744  1132.462122    3.000000  787.000000  1166.000000  1725.000000  35682.000000
AveOccup     20640.0     3.070655    10.386050    0.692308    2.429741     2.818116     3.282261   1243.333333
Latitude     20640.0    35.631861     2.135952   32.540000   33.930000    34.260000    37.710000     41.950000
Longitude    20640.0  -119.569704     2.003532 -124.350000 -121.800000  -118.490000  -118.010000   -114.310000
MedHouseVal  20640.0     2.068558     1.153956    0.149990    1.196000     1.797000     2.647250      5.000010
2025-12-16 18:39:53,854 - INFO - Schema check :
MedInc         float64
HouseAge       float64
AveRooms       float64
AveBedrms      float64
Population     float64
AveOccup       float64
Latitude       float64
Longitude      float64
MedHouseVal    float64
dtype: object
2025-12-16 18:39:53,855 - INFO - Size check :
(20640, 9)
2025-12-16 18:39:53,855 - INFO - Adding High Value flag to data

2025-12-16 18:39:53,879 - INFO - Decribe data with high value flag:
               count         mean          std         min         25%          50%          75%           max
MedInc       20640.0     3.870671     1.899822    0.499900    2.563400     3.534800     4.743250     15.000100
HouseAge     20640.0    28.639486    12.585558    1.000000   18.000000    29.000000    37.000000     52.000000
AveRooms     20640.0     5.429000     2.474173    0.846154    4.440716     5.229129     6.052381    141.909091
AveBedrms    20640.0     1.096675     0.473911    0.333333    1.006079     1.048780     1.099526     34.066667
Population   20640.0  1425.476744  1132.462122    3.000000  787.000000  1166.000000  1725.000000  35682.000000
AveOccup     20640.0     3.070655    10.386050    0.692308    2.429741     2.818116     3.282261   1243.333333
Latitude     20640.0    35.631861     2.135952   32.540000   33.930000    34.260000    37.710000     41.950000
Longitude    20640.0  -119.569704     2.003532 -124.350000 -121.800000  -118.490000  -118.010000   -114.310000
MedHouseVal  20640.0     2.068558     1.153956    0.149990    1.196000     1.797000     2.647250      5.000010
HighValue    20640.0     0.499855     0.500012    0.000000    0.000000     0.000000     1.000000      1.000000
2025-12-16 18:39:53,898 - INFO - Schema check :
MedInc         float64
HouseAge       float64
AveRooms       float64
AveBedrms      float64
Population     float64
AveOccup       float64
Latitude       float64
Longitude      float64
MedHouseVal    float64
HighValue        int64
dtype: object
2025-12-16 18:39:53,899 - INFO - Size check: 
(20640, 10)
2025-12-16 18:42:07,707 - INFO - Running the ML pipeline

2025-12-16 18:42:07,755 - INFO - Describe loaded data:
               count         mean          std         min         25%          50%          75%           max
MedInc       20640.0     3.870671     1.899822    0.499900    2.563400     3.534800     4.743250     15.000100
HouseAge     20640.0    28.639486    12.585558    1.000000   18.000000    29.000000    37.000000     52.000000
AveRooms     20640.0     5.429000     2.474173    0.846154    4.440716     5.229129     6.052381    141.909091
AveBedrms    20640.0     1.096675     0.473911    0.333333    1.006079     1.048780     1.099526     34.066667
Population   20640.0  1425.476744  1132.462122    3.000000  787.000000  1166.000000  1725.000000  35682.000000
AveOccup     20640.0     3.070655    10.386050    0.692308    2.429741     2.818116     3.282261   1243.333333
Latitude     20640.0    35.631861     2.135952   32.540000   33.930000    34.260000    37.710000     41.950000
Longitude    20640.0  -119.569704     2.003532 -124.350000 -121.800000  -118.490000  -118.010000   -114.310000
MedHouseVal  20640.0     2.068558     1.153956    0.149990    1.196000     1.797000     2.647250      5.000010
2025-12-16 18:42:07,773 - INFO - Schema check :
MedInc         float64
HouseAge       float64
AveRooms       float64
AveBedrms      float64
Population     float64
AveOccup       float64
Latitude       float64
Longitude      float64
MedHouseVal    float64
dtype: object
2025-12-16 18:42:07,774 - INFO - Size check :
(20640, 9)
2025-12-16 18:42:07,774 - INFO - Adding High Value flag to data

2025-12-16 18:42:07,799 - INFO - Decribe data with high value flag:
               count         mean          std         min         25%          50%          75%           max
MedInc       20640.0     3.870671     1.899822    0.499900    2.563400     3.534800     4.743250     15.000100
HouseAge     20640.0    28.639486    12.585558    1.000000   18.000000    29.000000    37.000000     52.000000
AveRooms     20640.0     5.429000     2.474173    0.846154    4.440716     5.229129     6.052381    141.909091
AveBedrms    20640.0     1.096675     0.473911    0.333333    1.006079     1.048780     1.099526     34.066667
Population   20640.0  1425.476744  1132.462122    3.000000  787.000000  1166.000000  1725.000000  35682.000000
AveOccup     20640.0     3.070655    10.386050    0.692308    2.429741     2.818116     3.282261   1243.333333
Latitude     20640.0    35.631861     2.135952   32.540000   33.930000    34.260000    37.710000     41.950000
Longitude    20640.0  -119.569704     2.003532 -124.350000 -121.800000  -118.490000  -118.010000   -114.310000
MedHouseVal  20640.0     2.068558     1.153956    0.149990    1.196000     1.797000     2.647250      5.000010
HighValue    20640.0     0.499855     0.500012    0.000000    0.000000     0.000000     1.000000      1.000000
2025-12-16 18:42:07,815 - INFO - Schema check :
MedInc         float64
HouseAge       float64
AveRooms       float64
AveBedrms      float64
Population     float64
AveOccup       float64
Latitude       float64
Longitude      float64
MedHouseVal    float64
HighValue        int64
dtype: object
2025-12-16 18:42:07,816 - INFO - Size check: 
(20640, 10)
2025-12-16 18:42:07,816 - INFO - 
Something went wrongdescriptor 'add_note' for 'BaseException' objects doesn't apply to a 'str' object
2025-12-16 19:04:39,543 - INFO - Running the ML pipeline

2025-12-16 19:04:39,592 - INFO - Describe loaded data:
               count         mean          std         min         25%          50%          75%           max
MedInc       20640.0     3.870671     1.899822    0.499900    2.563400     3.534800     4.743250     15.000100
HouseAge     20640.0    28.639486    12.585558    1.000000   18.000000    29.000000    37.000000     52.000000
AveRooms     20640.0     5.429000     2.474173    0.846154    4.440716     5.229129     6.052381    141.909091
AveBedrms    20640.0     1.096675     0.473911    0.333333    1.006079     1.048780     1.099526     34.066667
Population   20640.0  1425.476744  1132.462122    3.000000  787.000000  1166.000000  1725.000000  35682.000000
AveOccup     20640.0     3.070655    10.386050    0.692308    2.429741     2.818116     3.282261   1243.333333
Latitude     20640.0    35.631861     2.135952   32.540000   33.930000    34.260000    37.710000     41.950000
Longitude    20640.0  -119.569704     2.003532 -124.350000 -121.800000  -118.490000  -118.010000   -114.310000
MedHouseVal  20640.0     2.068558     1.153956    0.149990    1.196000     1.797000     2.647250      5.000010
2025-12-16 19:04:39,611 - INFO - Schema check :
MedInc         float64
HouseAge       float64
AveRooms       float64
AveBedrms      float64
Population     float64
AveOccup       float64
Latitude       float64
Longitude      float64
MedHouseVal    float64
dtype: object
2025-12-16 19:04:39,612 - INFO - Size check :
(20640, 9)
2025-12-16 19:04:39,612 - INFO - Adding High Value flag to data

2025-12-16 19:04:39,638 - INFO - Decribe data with high value flag:
               count         mean          std         min         25%          50%          75%           max
MedInc       20640.0     3.870671     1.899822    0.499900    2.563400     3.534800     4.743250     15.000100
HouseAge     20640.0    28.639486    12.585558    1.000000   18.000000    29.000000    37.000000     52.000000
AveRooms     20640.0     5.429000     2.474173    0.846154    4.440716     5.229129     6.052381    141.909091
AveBedrms    20640.0     1.096675     0.473911    0.333333    1.006079     1.048780     1.099526     34.066667
Population   20640.0  1425.476744  1132.462122    3.000000  787.000000  1166.000000  1725.000000  35682.000000
AveOccup     20640.0     3.070655    10.386050    0.692308    2.429741     2.818116     3.282261   1243.333333
Latitude     20640.0    35.631861     2.135952   32.540000   33.930000    34.260000    37.710000     41.950000
Longitude    20640.0  -119.569704     2.003532 -124.350000 -121.800000  -118.490000  -118.010000   -114.310000
MedHouseVal  20640.0     2.068558     1.153956    0.149990    1.196000     1.797000     2.647250      5.000010
HighValue    20640.0     0.499855     0.500012    0.000000    0.000000     0.000000     1.000000      1.000000
2025-12-16 19:04:39,655 - INFO - Schema check :
MedInc         float64
HouseAge       float64
AveRooms       float64
AveBedrms      float64
Population     float64
AveOccup       float64
Latitude       float64
Longitude      float64
MedHouseVal    float64
HighValue        int64
dtype: object
2025-12-16 19:04:39,656 - INFO - Size check: 
(20640, 10)
2025-12-16 19:06:47,661 - INFO - Running the ML pipeline

2025-12-16 19:06:47,712 - INFO - Describe loaded data:
               count         mean          std         min         25%          50%          75%           max
MedInc       20640.0     3.870671     1.899822    0.499900    2.563400     3.534800     4.743250     15.000100
HouseAge     20640.0    28.639486    12.585558    1.000000   18.000000    29.000000    37.000000     52.000000
AveRooms     20640.0     5.429000     2.474173    0.846154    4.440716     5.229129     6.052381    141.909091
AveBedrms    20640.0     1.096675     0.473911    0.333333    1.006079     1.048780     1.099526     34.066667
Population   20640.0  1425.476744  1132.462122    3.000000  787.000000  1166.000000  1725.000000  35682.000000
AveOccup     20640.0     3.070655    10.386050    0.692308    2.429741     2.818116     3.282261   1243.333333
Latitude     20640.0    35.631861     2.135952   32.540000   33.930000    34.260000    37.710000     41.950000
Longitude    20640.0  -119.569704     2.003532 -124.350000 -121.800000  -118.490000  -118.010000   -114.310000
MedHouseVal  20640.0     2.068558     1.153956    0.149990    1.196000     1.797000     2.647250      5.000010
2025-12-16 19:06:47,731 - INFO - Schema check :
MedInc         float64
HouseAge       float64
AveRooms       float64
AveBedrms      float64
Population     float64
AveOccup       float64
Latitude       float64
Longitude      float64
MedHouseVal    float64
dtype: object
2025-12-16 19:06:47,732 - INFO - Size check :
(20640, 9)
2025-12-16 19:06:47,733 - INFO - Adding High Value flag to data

2025-12-16 19:06:47,759 - INFO - Decribe data with high value flag:
               count         mean          std         min         25%          50%          75%           max
MedInc       20640.0     3.870671     1.899822    0.499900    2.563400     3.534800     4.743250     15.000100
HouseAge     20640.0    28.639486    12.585558    1.000000   18.000000    29.000000    37.000000     52.000000
AveRooms     20640.0     5.429000     2.474173    0.846154    4.440716     5.229129     6.052381    141.909091
AveBedrms    20640.0     1.096675     0.473911    0.333333    1.006079     1.048780     1.099526     34.066667
Population   20640.0  1425.476744  1132.462122    3.000000  787.000000  1166.000000  1725.000000  35682.000000
AveOccup     20640.0     3.070655    10.386050    0.692308    2.429741     2.818116     3.282261   1243.333333
Latitude     20640.0    35.631861     2.135952   32.540000   33.930000    34.260000    37.710000     41.950000
Longitude    20640.0  -119.569704     2.003532 -124.350000 -121.800000  -118.490000  -118.010000   -114.310000
MedHouseVal  20640.0     2.068558     1.153956    0.149990    1.196000     1.797000     2.647250      5.000010
HighValue    20640.0     0.499855     0.500012    0.000000    0.000000     0.000000     1.000000      1.000000
2025-12-16 19:06:47,775 - INFO - Schema check :
MedInc         float64
HouseAge       float64
AveRooms       float64
AveBedrms      float64
Population     float64
AveOccup       float64
Latitude       float64
Longitude      float64
MedHouseVal    float64
HighValue        int64
dtype: object
2025-12-16 19:06:47,776 - INFO - Size check: 
(20640, 10)
2025-12-16 19:06:47,778 - ERROR - Data validation between steps failed Missing rows in housing_data_with_highvalue_flag
2025-12-16 19:14:23,784 - INFO - Running the ML pipeline

2025-12-16 19:14:23,818 - INFO - Describe loaded data:
               count         mean          std         min         25%          50%          75%           max
MedInc       20640.0     3.870671     1.899822    0.499900    2.563400     3.534800     4.743250     15.000100
HouseAge     20640.0    28.639486    12.585558    1.000000   18.000000    29.000000    37.000000     52.000000
AveRooms     20640.0     5.429000     2.474173    0.846154    4.440716     5.229129     6.052381    141.909091
AveBedrms    20640.0     1.096675     0.473911    0.333333    1.006079     1.048780     1.099526     34.066667
Population   20640.0  1425.476744  1132.462122    3.000000  787.000000  1166.000000  1725.000000  35682.000000
AveOccup     20640.0     3.070655    10.386050    0.692308    2.429741     2.818116     3.282261   1243.333333
Latitude     20640.0    35.631861     2.135952   32.540000   33.930000    34.260000    37.710000     41.950000
Longitude    20640.0  -119.569704     2.003532 -124.350000 -121.800000  -118.490000  -118.010000   -114.310000
MedHouseVal  20640.0     2.068558     1.153956    0.149990    1.196000     1.797000     2.647250      5.000010
2025-12-16 19:14:23,837 - INFO - Schema check :
MedInc         float64
HouseAge       float64
AveRooms       float64
AveBedrms      float64
Population     float64
AveOccup       float64
Latitude       float64
Longitude      float64
MedHouseVal    float64
dtype: object
2025-12-16 19:14:23,838 - INFO - Size check :
(20640, 9)
2025-12-16 19:14:23,838 - INFO - Adding High Value flag to data

2025-12-16 19:14:23,864 - INFO - Decribe data with high value flag:
               count         mean          std         min         25%          50%          75%           max
MedInc       20640.0     3.870671     1.899822    0.499900    2.563400     3.534800     4.743250     15.000100
HouseAge     20640.0    28.639486    12.585558    1.000000   18.000000    29.000000    37.000000     52.000000
AveRooms     20640.0     5.429000     2.474173    0.846154    4.440716     5.229129     6.052381    141.909091
AveBedrms    20640.0     1.096675     0.473911    0.333333    1.006079     1.048780     1.099526     34.066667
Population   20640.0  1425.476744  1132.462122    3.000000  787.000000  1166.000000  1725.000000  35682.000000
AveOccup     20640.0     3.070655    10.386050    0.692308    2.429741     2.818116     3.282261   1243.333333
Latitude     20640.0    35.631861     2.135952   32.540000   33.930000    34.260000    37.710000     41.950000
Longitude    20640.0  -119.569704     2.003532 -124.350000 -121.800000  -118.490000  -118.010000   -114.310000
MedHouseVal  20640.0     2.068558     1.153956    0.149990    1.196000     1.797000     2.647250      5.000010
HighValue    20640.0     0.499855     0.500012    0.000000    0.000000     0.000000     1.000000      1.000000
2025-12-16 19:14:23,883 - INFO - Schema check :
MedInc         float64
HouseAge       float64
AveRooms       float64
AveBedrms      float64
Population     float64
AveOccup       float64
Latitude       float64
Longitude      float64
MedHouseVal    float64
HighValue        int64
dtype: object
2025-12-16 19:14:23,884 - INFO - Size check: 
(20640, 10)
2025-12-16 19:14:23,884 - INFO - Splitting data into train and test subsets

2025-12-16 19:14:23,885 - INFO - 
Something went wrong"['HighValue', 'MedHouseVal'] not found in axis"
2025-12-16 19:14:59,835 - INFO - Running the ML pipeline

2025-12-16 19:14:59,867 - INFO - Describe loaded data:
               count         mean          std         min         25%          50%          75%           max
MedInc       20640.0     3.870671     1.899822    0.499900    2.563400     3.534800     4.743250     15.000100
HouseAge     20640.0    28.639486    12.585558    1.000000   18.000000    29.000000    37.000000     52.000000
AveRooms     20640.0     5.429000     2.474173    0.846154    4.440716     5.229129     6.052381    141.909091
AveBedrms    20640.0     1.096675     0.473911    0.333333    1.006079     1.048780     1.099526     34.066667
Population   20640.0  1425.476744  1132.462122    3.000000  787.000000  1166.000000  1725.000000  35682.000000
AveOccup     20640.0     3.070655    10.386050    0.692308    2.429741     2.818116     3.282261   1243.333333
Latitude     20640.0    35.631861     2.135952   32.540000   33.930000    34.260000    37.710000     41.950000
Longitude    20640.0  -119.569704     2.003532 -124.350000 -121.800000  -118.490000  -118.010000   -114.310000
MedHouseVal  20640.0     2.068558     1.153956    0.149990    1.196000     1.797000     2.647250      5.000010
2025-12-16 19:14:59,885 - INFO - Schema check :
MedInc         float64
HouseAge       float64
AveRooms       float64
AveBedrms      float64
Population     float64
AveOccup       float64
Latitude       float64
Longitude      float64
MedHouseVal    float64
dtype: object
2025-12-16 19:14:59,886 - INFO - Size check :
(20640, 9)
2025-12-16 19:14:59,886 - INFO - Adding High Value flag to data

2025-12-16 19:14:59,909 - INFO - Decribe data with high value flag:
               count         mean          std         min         25%          50%          75%           max
MedInc       20640.0     3.870671     1.899822    0.499900    2.563400     3.534800     4.743250     15.000100
HouseAge     20640.0    28.639486    12.585558    1.000000   18.000000    29.000000    37.000000     52.000000
AveRooms     20640.0     5.429000     2.474173    0.846154    4.440716     5.229129     6.052381    141.909091
AveBedrms    20640.0     1.096675     0.473911    0.333333    1.006079     1.048780     1.099526     34.066667
Population   20640.0  1425.476744  1132.462122    3.000000  787.000000  1166.000000  1725.000000  35682.000000
AveOccup     20640.0     3.070655    10.386050    0.692308    2.429741     2.818116     3.282261   1243.333333
Latitude     20640.0    35.631861     2.135952   32.540000   33.930000    34.260000    37.710000     41.950000
Longitude    20640.0  -119.569704     2.003532 -124.350000 -121.800000  -118.490000  -118.010000   -114.310000
MedHouseVal  20640.0     2.068558     1.153956    0.149990    1.196000     1.797000     2.647250      5.000010
HighValue    20640.0     0.499855     0.500012    0.000000    0.000000     0.000000     1.000000      1.000000
2025-12-16 19:14:59,925 - INFO - Schema check :
MedInc         float64
HouseAge       float64
AveRooms       float64
AveBedrms      float64
Population     float64
AveOccup       float64
Latitude       float64
Longitude      float64
MedHouseVal    float64
HighValue        int64
dtype: object
2025-12-16 19:14:59,925 - INFO - Size check: 
(20640, 10)
2025-12-16 19:14:59,926 - INFO - Splitting data into train and test subsets

2025-12-16 19:14:59,926 - INFO - 
Something went wrongDataFrame.drop() takes from 1 to 2 positional arguments but 3 were given
2025-12-16 19:16:20,658 - INFO - Running the ML pipeline

2025-12-16 19:16:20,696 - INFO - Describe loaded data:
               count         mean          std         min         25%          50%          75%           max
MedInc       20640.0     3.870671     1.899822    0.499900    2.563400     3.534800     4.743250     15.000100
HouseAge     20640.0    28.639486    12.585558    1.000000   18.000000    29.000000    37.000000     52.000000
AveRooms     20640.0     5.429000     2.474173    0.846154    4.440716     5.229129     6.052381    141.909091
AveBedrms    20640.0     1.096675     0.473911    0.333333    1.006079     1.048780     1.099526     34.066667
Population   20640.0  1425.476744  1132.462122    3.000000  787.000000  1166.000000  1725.000000  35682.000000
AveOccup     20640.0     3.070655    10.386050    0.692308    2.429741     2.818116     3.282261   1243.333333
Latitude     20640.0    35.631861     2.135952   32.540000   33.930000    34.260000    37.710000     41.950000
Longitude    20640.0  -119.569704     2.003532 -124.350000 -121.800000  -118.490000  -118.010000   -114.310000
MedHouseVal  20640.0     2.068558     1.153956    0.149990    1.196000     1.797000     2.647250      5.000010
2025-12-16 19:16:20,717 - INFO - Schema check :
MedInc         float64
HouseAge       float64
AveRooms       float64
AveBedrms      float64
Population     float64
AveOccup       float64
Latitude       float64
Longitude      float64
MedHouseVal    float64
dtype: object
2025-12-16 19:16:20,719 - INFO - Size check :
(20640, 9)
2025-12-16 19:16:20,719 - INFO - Adding High Value flag to data

2025-12-16 19:16:20,746 - INFO - Decribe data with high value flag:
               count         mean          std         min         25%          50%          75%           max
MedInc       20640.0     3.870671     1.899822    0.499900    2.563400     3.534800     4.743250     15.000100
HouseAge     20640.0    28.639486    12.585558    1.000000   18.000000    29.000000    37.000000     52.000000
AveRooms     20640.0     5.429000     2.474173    0.846154    4.440716     5.229129     6.052381    141.909091
AveBedrms    20640.0     1.096675     0.473911    0.333333    1.006079     1.048780     1.099526     34.066667
Population   20640.0  1425.476744  1132.462122    3.000000  787.000000  1166.000000  1725.000000  35682.000000
AveOccup     20640.0     3.070655    10.386050    0.692308    2.429741     2.818116     3.282261   1243.333333
Latitude     20640.0    35.631861     2.135952   32.540000   33.930000    34.260000    37.710000     41.950000
Longitude    20640.0  -119.569704     2.003532 -124.350000 -121.800000  -118.490000  -118.010000   -114.310000
MedHouseVal  20640.0     2.068558     1.153956    0.149990    1.196000     1.797000     2.647250      5.000010
HighValue    20640.0     0.499855     0.500012    0.000000    0.000000     0.000000     1.000000      1.000000
2025-12-16 19:16:20,763 - INFO - Schema check :
MedInc         float64
HouseAge       float64
AveRooms       float64
AveBedrms      float64
Population     float64
AveOccup       float64
Latitude       float64
Longitude      float64
MedHouseVal    float64
HighValue        int64
dtype: object
2025-12-16 19:16:20,764 - INFO - Size check: 
(20640, 10)
2025-12-16 19:16:20,764 - INFO - Splitting data into train and test subsets

2025-12-16 19:16:20,766 - INFO - Schema check X:
MedInc        float64
HouseAge      float64
AveRooms      float64
AveBedrms     float64
Population    float64
AveOccup      float64
Latitude      float64
Longitude     float64
dtype: object
2025-12-16 19:16:20,768 - INFO - Schema check y:
int64
2025-12-16 19:20:41,971 - INFO - Running the ML pipeline

2025-12-16 19:20:42,022 - INFO - Describe loaded data:
               count         mean          std         min         25%          50%          75%           max
MedInc       20640.0     3.870671     1.899822    0.499900    2.563400     3.534800     4.743250     15.000100
HouseAge     20640.0    28.639486    12.585558    1.000000   18.000000    29.000000    37.000000     52.000000
AveRooms     20640.0     5.429000     2.474173    0.846154    4.440716     5.229129     6.052381    141.909091
AveBedrms    20640.0     1.096675     0.473911    0.333333    1.006079     1.048780     1.099526     34.066667
Population   20640.0  1425.476744  1132.462122    3.000000  787.000000  1166.000000  1725.000000  35682.000000
AveOccup     20640.0     3.070655    10.386050    0.692308    2.429741     2.818116     3.282261   1243.333333
Latitude     20640.0    35.631861     2.135952   32.540000   33.930000    34.260000    37.710000     41.950000
Longitude    20640.0  -119.569704     2.003532 -124.350000 -121.800000  -118.490000  -118.010000   -114.310000
MedHouseVal  20640.0     2.068558     1.153956    0.149990    1.196000     1.797000     2.647250      5.000010
2025-12-16 19:20:42,039 - INFO - Schema check :
MedInc         float64
HouseAge       float64
AveRooms       float64
AveBedrms      float64
Population     float64
AveOccup       float64
Latitude       float64
Longitude      float64
MedHouseVal    float64
dtype: object
2025-12-16 19:20:42,040 - INFO - Size check :
(20640, 9)
2025-12-16 19:20:42,041 - INFO - Adding High Value flag to data

2025-12-16 19:20:42,065 - INFO - Decribe data with high value flag:
               count         mean          std         min         25%          50%          75%           max
MedInc       20640.0     3.870671     1.899822    0.499900    2.563400     3.534800     4.743250     15.000100
HouseAge     20640.0    28.639486    12.585558    1.000000   18.000000    29.000000    37.000000     52.000000
AveRooms     20640.0     5.429000     2.474173    0.846154    4.440716     5.229129     6.052381    141.909091
AveBedrms    20640.0     1.096675     0.473911    0.333333    1.006079     1.048780     1.099526     34.066667
Population   20640.0  1425.476744  1132.462122    3.000000  787.000000  1166.000000  1725.000000  35682.000000
AveOccup     20640.0     3.070655    10.386050    0.692308    2.429741     2.818116     3.282261   1243.333333
Latitude     20640.0    35.631861     2.135952   32.540000   33.930000    34.260000    37.710000     41.950000
Longitude    20640.0  -119.569704     2.003532 -124.350000 -121.800000  -118.490000  -118.010000   -114.310000
MedHouseVal  20640.0     2.068558     1.153956    0.149990    1.196000     1.797000     2.647250      5.000010
HighValue    20640.0     0.499855     0.500012    0.000000    0.000000     0.000000     1.000000      1.000000
2025-12-16 19:20:42,081 - INFO - Schema check :
MedInc         float64
HouseAge       float64
AveRooms       float64
AveBedrms      float64
Population     float64
AveOccup       float64
Latitude       float64
Longitude      float64
MedHouseVal    float64
HighValue        int64
dtype: object
2025-12-16 19:20:42,082 - INFO - Size check: 
(20640, 10)
2025-12-16 19:20:42,082 - INFO - Splitting data into train and test subsets

2025-12-16 19:20:42,083 - INFO - Schema check X:
MedInc        float64
HouseAge      float64
AveRooms      float64
AveBedrms     float64
Population    float64
AveOccup      float64
Latitude      float64
Longitude     float64
dtype: object
2025-12-16 19:20:42,084 - INFO - Schema check y:
int64
2025-12-16 19:20:42,084 - INFO - 
Something went wrongThe 'stratify' parameter of train_test_split must be an array-like or None. Got True instead.
2025-12-17 18:49:10,251 - INFO - Running the ML pipeline

2025-12-17 18:49:10,294 - INFO - Describe loaded data:
               count         mean          std         min         25%          50%          75%           max
MedInc       20640.0     3.870671     1.899822    0.499900    2.563400     3.534800     4.743250     15.000100
HouseAge     20640.0    28.639486    12.585558    1.000000   18.000000    29.000000    37.000000     52.000000
AveRooms     20640.0     5.429000     2.474173    0.846154    4.440716     5.229129     6.052381    141.909091
AveBedrms    20640.0     1.096675     0.473911    0.333333    1.006079     1.048780     1.099526     34.066667
Population   20640.0  1425.476744  1132.462122    3.000000  787.000000  1166.000000  1725.000000  35682.000000
AveOccup     20640.0     3.070655    10.386050    0.692308    2.429741     2.818116     3.282261   1243.333333
Latitude     20640.0    35.631861     2.135952   32.540000   33.930000    34.260000    37.710000     41.950000
Longitude    20640.0  -119.569704     2.003532 -124.350000 -121.800000  -118.490000  -118.010000   -114.310000
MedHouseVal  20640.0     2.068558     1.153956    0.149990    1.196000     1.797000     2.647250      5.000010
2025-12-17 18:49:10,314 - INFO - Schema check :
MedInc         float64
HouseAge       float64
AveRooms       float64
AveBedrms      float64
Population     float64
AveOccup       float64
Latitude       float64
Longitude      float64
MedHouseVal    float64
dtype: object
2025-12-17 18:49:10,316 - INFO - Size check :
(20640, 9)
2025-12-17 18:49:10,316 - INFO - Adding High Value flag to data

2025-12-17 18:49:10,342 - INFO - Decribe data with high value flag:
               count         mean          std         min         25%          50%          75%           max
MedInc       20640.0     3.870671     1.899822    0.499900    2.563400     3.534800     4.743250     15.000100
HouseAge     20640.0    28.639486    12.585558    1.000000   18.000000    29.000000    37.000000     52.000000
AveRooms     20640.0     5.429000     2.474173    0.846154    4.440716     5.229129     6.052381    141.909091
AveBedrms    20640.0     1.096675     0.473911    0.333333    1.006079     1.048780     1.099526     34.066667
Population   20640.0  1425.476744  1132.462122    3.000000  787.000000  1166.000000  1725.000000  35682.000000
AveOccup     20640.0     3.070655    10.386050    0.692308    2.429741     2.818116     3.282261   1243.333333
Latitude     20640.0    35.631861     2.135952   32.540000   33.930000    34.260000    37.710000     41.950000
Longitude    20640.0  -119.569704     2.003532 -124.350000 -121.800000  -118.490000  -118.010000   -114.310000
MedHouseVal  20640.0     2.068558     1.153956    0.149990    1.196000     1.797000     2.647250      5.000010
HighValue    20640.0     0.499855     0.500012    0.000000    0.000000     0.000000     1.000000      1.000000
2025-12-17 18:49:10,361 - INFO - Schema check :
MedInc         float64
HouseAge       float64
AveRooms       float64
AveBedrms      float64
Population     float64
AveOccup       float64
Latitude       float64
Longitude      float64
MedHouseVal    float64
HighValue        int64
dtype: object
2025-12-17 18:49:10,362 - INFO - Size check: 
(20640, 10)
2025-12-17 18:49:10,363 - INFO - Schema check X:
MedInc        float64
HouseAge      float64
AveRooms      float64
AveBedrms     float64
Population    float64
AveOccup      float64
Latitude      float64
Longitude     float64
dtype: object
2025-12-17 18:49:10,363 - INFO - Schema check y:
int64
2025-12-17 18:49:10,364 - INFO - Splitting data into train and test subsets

2025-12-17 18:49:10,373 - INFO - X_train size: 16512
2025-12-17 18:49:10,373 - INFO - y_train size: 16512
2025-12-17 18:49:10,373 - INFO - X_test size: 4128
2025-12-17 18:49:10,373 - INFO - y_test size: 4128
2025-12-17 18:49:10,373 - INFO - Verifying if Sratify worked?:

2025-12-17 18:49:10,374 - INFO - y_train value counts: HighValue
0    8258
1    8254
Name: count, dtype: int64

2025-12-17 18:49:10,375 - INFO - y_test value counts: HighValue
0    2065
1    2063
Name: count, dtype: int64

2025-12-17 18:49:11,776 - DEBUG - Model accuracy score: 0.8316375968992248
2025-12-17 18:49:11,777 - DEBUG - Feature coefficients shape: (8, 2)
2025-12-17 18:49:11,778 - DEBUG - Feature coefficients are:       feature  Coefficient
3   AveBedrms     1.804446
0      MedInc     1.304887
1    HouseAge     0.020511
4  Population     0.000051
5    AveOccup    -0.251921
2    AveRooms    -0.293746
6    Latitude    -1.703240
7   Longitude    -1.713133
2025-12-18 17:44:44,409 - INFO - Running the ML pipeline

2025-12-18 17:44:44,469 - INFO - Describe loaded data:
               count         mean          std         min         25%          50%          75%           max
MedInc       20640.0     3.870671     1.899822    0.499900    2.563400     3.534800     4.743250     15.000100
HouseAge     20640.0    28.639486    12.585558    1.000000   18.000000    29.000000    37.000000     52.000000
AveRooms     20640.0     5.429000     2.474173    0.846154    4.440716     5.229129     6.052381    141.909091
AveBedrms    20640.0     1.096675     0.473911    0.333333    1.006079     1.048780     1.099526     34.066667
Population   20640.0  1425.476744  1132.462122    3.000000  787.000000  1166.000000  1725.000000  35682.000000
AveOccup     20640.0     3.070655    10.386050    0.692308    2.429741     2.818116     3.282261   1243.333333
Latitude     20640.0    35.631861     2.135952   32.540000   33.930000    34.260000    37.710000     41.950000
Longitude    20640.0  -119.569704     2.003532 -124.350000 -121.800000  -118.490000  -118.010000   -114.310000
MedHouseVal  20640.0     2.068558     1.153956    0.149990    1.196000     1.797000     2.647250      5.000010
2025-12-18 17:44:44,603 - INFO - Schema check :
MedInc         float64
HouseAge       float64
AveRooms       float64
AveBedrms      float64
Population     float64
AveOccup       float64
Latitude       float64
Longitude      float64
MedHouseVal    float64
dtype: object
2025-12-18 17:44:44,604 - INFO - Size check :
(20640, 9)
2025-12-18 17:44:44,604 - INFO - Adding High Value flag to data

2025-12-18 17:44:44,633 - INFO - Decribe data with high value flag:
               count         mean          std         min         25%          50%          75%           max
MedInc       20640.0     3.870671     1.899822    0.499900    2.563400     3.534800     4.743250     15.000100
HouseAge     20640.0    28.639486    12.585558    1.000000   18.000000    29.000000    37.000000     52.000000
AveRooms     20640.0     5.429000     2.474173    0.846154    4.440716     5.229129     6.052381    141.909091
AveBedrms    20640.0     1.096675     0.473911    0.333333    1.006079     1.048780     1.099526     34.066667
Population   20640.0  1425.476744  1132.462122    3.000000  787.000000  1166.000000  1725.000000  35682.000000
AveOccup     20640.0     3.070655    10.386050    0.692308    2.429741     2.818116     3.282261   1243.333333
Latitude     20640.0    35.631861     2.135952   32.540000   33.930000    34.260000    37.710000     41.950000
Longitude    20640.0  -119.569704     2.003532 -124.350000 -121.800000  -118.490000  -118.010000   -114.310000
MedHouseVal  20640.0     2.068558     1.153956    0.149990    1.196000     1.797000     2.647250      5.000010
HighValue    20640.0     0.499855     0.500012    0.000000    0.000000     0.000000     1.000000      1.000000
2025-12-18 17:44:44,653 - INFO - Schema check :
MedInc         float64
HouseAge       float64
AveRooms       float64
AveBedrms      float64
Population     float64
AveOccup       float64
Latitude       float64
Longitude      float64
MedHouseVal    float64
HighValue        int64
dtype: object
2025-12-18 17:44:44,655 - INFO - Size check: 
(20640, 10)
2025-12-18 17:44:44,656 - INFO - Schema check X:
MedInc        float64
HouseAge      float64
AveRooms      float64
AveBedrms     float64
Population    float64
AveOccup      float64
Latitude      float64
Longitude     float64
dtype: object
2025-12-18 17:44:44,657 - INFO - Schema check y:
int64
2025-12-18 17:44:44,657 - INFO - Splitting data into train and test subsets

2025-12-18 17:44:44,671 - INFO - X_train size: 16512
2025-12-18 17:44:44,671 - INFO - y_train size: 16512
2025-12-18 17:44:44,671 - INFO - X_test size: 4128
2025-12-18 17:44:44,672 - INFO - y_test size: 4128
2025-12-18 17:44:44,672 - INFO - Verifying if Sratify worked?:

2025-12-18 17:44:44,673 - INFO - y_train value counts: HighValue
0    8258
1    8254
Name: count, dtype: int64

2025-12-18 17:44:44,674 - INFO - y_test value counts: HighValue
0    2065
1    2063
Name: count, dtype: int64

2025-12-18 17:44:46,234 - DEBUG - Model accuracy score: 0.8316375968992248
2025-12-18 17:44:46,235 - DEBUG - Feature coefficients shape: (8, 2)
2025-12-18 17:44:46,235 - DEBUG - Feature coefficients are:       feature  Coefficient
3   AveBedrms     1.804446
0      MedInc     1.304887
1    HouseAge     0.020511
4  Population     0.000051
5    AveOccup    -0.251921
2    AveRooms    -0.293746
6    Latitude    -1.703240
7   Longitude    -1.713133
2025-12-18 17:45:34,701 - INFO - Running the ML pipeline

2025-12-18 17:45:34,701 - INFO - __name__: = __main__
2025-12-18 17:45:34,733 - INFO - Describe loaded data:
               count         mean          std         min         25%          50%          75%           max
MedInc       20640.0     3.870671     1.899822    0.499900    2.563400     3.534800     4.743250     15.000100
HouseAge     20640.0    28.639486    12.585558    1.000000   18.000000    29.000000    37.000000     52.000000
AveRooms     20640.0     5.429000     2.474173    0.846154    4.440716     5.229129     6.052381    141.909091
AveBedrms    20640.0     1.096675     0.473911    0.333333    1.006079     1.048780     1.099526     34.066667
Population   20640.0  1425.476744  1132.462122    3.000000  787.000000  1166.000000  1725.000000  35682.000000
AveOccup     20640.0     3.070655    10.386050    0.692308    2.429741     2.818116     3.282261   1243.333333
Latitude     20640.0    35.631861     2.135952   32.540000   33.930000    34.260000    37.710000     41.950000
Longitude    20640.0  -119.569704     2.003532 -124.350000 -121.800000  -118.490000  -118.010000   -114.310000
MedHouseVal  20640.0     2.068558     1.153956    0.149990    1.196000     1.797000     2.647250      5.000010
2025-12-18 17:45:34,749 - INFO - Schema check :
MedInc         float64
HouseAge       float64
AveRooms       float64
AveBedrms      float64
Population     float64
AveOccup       float64
Latitude       float64
Longitude      float64
MedHouseVal    float64
dtype: object
2025-12-18 17:45:34,750 - INFO - Size check :
(20640, 9)
2025-12-18 17:45:34,750 - INFO - Adding High Value flag to data

2025-12-18 17:45:34,775 - INFO - Decribe data with high value flag:
               count         mean          std         min         25%          50%          75%           max
MedInc       20640.0     3.870671     1.899822    0.499900    2.563400     3.534800     4.743250     15.000100
HouseAge     20640.0    28.639486    12.585558    1.000000   18.000000    29.000000    37.000000     52.000000
AveRooms     20640.0     5.429000     2.474173    0.846154    4.440716     5.229129     6.052381    141.909091
AveBedrms    20640.0     1.096675     0.473911    0.333333    1.006079     1.048780     1.099526     34.066667
Population   20640.0  1425.476744  1132.462122    3.000000  787.000000  1166.000000  1725.000000  35682.000000
AveOccup     20640.0     3.070655    10.386050    0.692308    2.429741     2.818116     3.282261   1243.333333
Latitude     20640.0    35.631861     2.135952   32.540000   33.930000    34.260000    37.710000     41.950000
Longitude    20640.0  -119.569704     2.003532 -124.350000 -121.800000  -118.490000  -118.010000   -114.310000
MedHouseVal  20640.0     2.068558     1.153956    0.149990    1.196000     1.797000     2.647250      5.000010
HighValue    20640.0     0.499855     0.500012    0.000000    0.000000     0.000000     1.000000      1.000000
2025-12-18 17:45:34,791 - INFO - Schema check :
MedInc         float64
HouseAge       float64
AveRooms       float64
AveBedrms      float64
Population     float64
AveOccup       float64
Latitude       float64
Longitude      float64
MedHouseVal    float64
HighValue        int64
dtype: object
2025-12-18 17:45:34,792 - INFO - Size check: 
(20640, 10)
2025-12-18 17:45:34,793 - INFO - Schema check X:
MedInc        float64
HouseAge      float64
AveRooms      float64
AveBedrms     float64
Population    float64
AveOccup      float64
Latitude      float64
Longitude     float64
dtype: object
2025-12-18 17:45:34,794 - INFO - Schema check y:
int64
2025-12-18 17:45:34,794 - INFO - Splitting data into train and test subsets

2025-12-18 17:45:34,804 - INFO - X_train size: 16512
2025-12-18 17:45:34,805 - INFO - y_train size: 16512
2025-12-18 17:45:34,805 - INFO - X_test size: 4128
2025-12-18 17:45:34,805 - INFO - y_test size: 4128
2025-12-18 17:45:34,805 - INFO - Verifying if Sratify worked?:

2025-12-18 17:45:34,806 - INFO - y_train value counts: HighValue
0    8258
1    8254
Name: count, dtype: int64

2025-12-18 17:45:34,807 - INFO - y_test value counts: HighValue
0    2065
1    2063
Name: count, dtype: int64

2025-12-18 17:45:36,247 - DEBUG - Model accuracy score: 0.8316375968992248
2025-12-18 17:45:36,248 - DEBUG - Feature coefficients shape: (8, 2)
2025-12-18 17:45:36,248 - DEBUG - Feature coefficients are:       feature  Coefficient
3   AveBedrms     1.804446
0      MedInc     1.304887
1    HouseAge     0.020511
4  Population     0.000051
5    AveOccup    -0.251921
2    AveRooms    -0.293746
6    Latitude    -1.703240
7   Longitude    -1.713133
2025-12-18 18:00:25,636 - INFO - Running the ML pipeline

2025-12-18 18:00:25,637 - INFO - variable__name__: = main
